# JRE version: OpenJDK Runtime Environment Temurin-21.0.4+7 (21.0.4+7) (build 21.0.4+7-LTS)
# Java VM: OpenJDK 64-Bit Server VM Temurin-21.0.4+7 (21.0.4+7-LTS, mixed mode, emulated-client, sharing, tiered, compressed oops, compressed class ptrs, g1 gc, windows-amd64)
GC Precious Log:
 CardTable entry size: 512
 Card Set container configuration: InlinePtr #cards 5 size 8 Array Of Cards #cards 12 size 40 Howl #buckets 4 coarsen threshold 1843 Howl Bitmap #cards 512 size 80 coarsen threshold 460 Card regions per heap region 1 cards per card region 2048
 CPUs: 8 total, 8 available
 Memory: 3929M
 Large Page Support: Disabled
 NUMA Support: Disabled
 Compressed Oops: Enabled (32-bit)
 Heap Region Size: 1M
 Heap Min Capacity: 8M
 Heap Initial Capacity: 62M
 Heap Max Capacity: 984M
 Pre-touch: Disabled
 Parallel Workers: 8
 Concurrent Workers: 2
 Concurrent Refinement Workers: 8
 Periodic GC: Disabled
Heap:
 garbage-first heap   total 68608K, used 32932K [0x00000000c2800000, 0x0000000100000000)
  region size 1024K, 5 young (5120K), 3 survivors (3072K)
 Metaspace       used 57278K, committed 57984K, reserved 1114112K
  class space    used 8165K, committed 8512K, reserved 1048576K
GC Heap History (20 events):
Event: 2.192 GC heap before
{Heap before GC invocations=2 (full 0):
 garbage-first heap   total 63488K, used 40151K [0x00000000c2800000, 0x0000000100000000)
  region size 1024K, 31 young (31744K), 2 survivors (2048K)
 Metaspace       used 16415K, committed 16704K, reserved 1114112K
  class space    used 2310K, committed 2432K, reserved 1048576K
}
Event: 2.196 GC heap after
{Heap after GC invocations=3 (full 0):
 garbage-first heap   total 63488K, used 13626K [0x00000000c2800000, 0x0000000100000000)
  region size 1024K, 4 young (4096K), 4 survivors (4096K)
 Metaspace       used 16415K, committed 16704K, reserved 1114112K
  class space    used 2310K, committed 2432K, reserved 1048576K
}
Event: 2.428 GC heap before
{Heap before GC invocations=3 (full 0):
 garbage-first heap   total 63488K, used 34106K [0x00000000c2800000, 0x0000000100000000)
  region size 1024K, 25 young (25600K), 4 survivors (4096K)
 Metaspace       used 21109K, committed 21504K, reserved 1114112K
  class space    used 2853K, committed 3008K, reserved 1048576K
}
Event: 2.433 GC heap after
{Heap after GC invocations=4 (full 0):
 garbage-first heap   total 63488K, used 15621K [0x00000000c2800000, 0x0000000100000000)
  region size 1024K, 5 young (5120K), 5 survivors (5120K)
 Metaspace       used 21109K, committed 21504K, reserved 1114112K
  class space    used 2853K, committed 3008K, reserved 1048576K
}
Event: 2.852 GC heap before
{Heap before GC invocations=5 (full 0):
 garbage-first heap   total 55296K, used 43269K [0x00000000c2800000, 0x0000000100000000)
  region size 1024K, 32 young (32768K), 5 survivors (5120K)
 Metaspace       used 23946K, committed 24384K, reserved 1114112K
  class space    used 3287K, committed 3456K, reserved 1048576K
}
Event: 2.859 GC heap after
{Heap after GC invocations=6 (full 0):
 garbage-first heap   total 55296K, used 17614K [0x00000000c2800000, 0x0000000100000000)
  region size 1024K, 4 young (4096K), 4 survivors (4096K)
 Metaspace       used 23946K, committed 24384K, reserved 1114112K
  class space    used 3287K, committed 3456K, reserved 1048576K
}
Event: 3.410 GC heap before
{Heap before GC invocations=6 (full 0):
 garbage-first heap   total 55296K, used 43214K [0x00000000c2800000, 0x0000000100000000)
  region size 1024K, 29 young (29696K), 4 survivors (4096K)
 Metaspace       used 27244K, committed 27776K, reserved 1114112K
  class space    used 3782K, committed 4032K, reserved 1048576K
}
Event: 3.419 GC heap after
{Heap after GC invocations=7 (full 0):
 garbage-first heap   total 55296K, used 19689K [0x00000000c2800000, 0x0000000100000000)
  region size 1024K, 3 young (3072K), 3 survivors (3072K)
 Metaspace       used 27244K, committed 27776K, reserved 1114112K
  class space    used 3782K, committed 4032K, reserved 1048576K
}
Event: 4.243 GC heap before
{Heap before GC invocations=7 (full 0):
 garbage-first heap   total 55296K, used 44265K [0x00000000c2800000, 0x0000000100000000)
  region size 1024K, 27 young (27648K), 3 survivors (3072K)
 Metaspace       used 31082K, committed 31680K, reserved 1114112K
  class space    used 4371K, committed 4608K, reserved 1048576K
}
Event: 4.246 GC heap after
{Heap after GC invocations=8 (full 0):
 garbage-first heap   total 66560K, used 21816K [0x00000000c2800000, 0x0000000100000000)
  region size 1024K, 4 young (4096K), 4 survivors (4096K)
 Metaspace       used 31082K, committed 31680K, reserved 1114112K
  class space    used 4371K, committed 4608K, reserved 1048576K
}
Event: 5.240 GC heap before
{Heap before GC invocations=8 (full 0):
 garbage-first heap   total 66560K, used 58680K [0x00000000c2800000, 0x0000000100000000)
  region size 1024K, 36 young (36864K), 4 survivors (4096K)
 Metaspace       used 33518K, committed 34112K, reserved 1114112K
  class space    used 4616K, committed 4864K, reserved 1048576K
}
Event: 5.246 GC heap after
{Heap after GC invocations=9 (full 0):
 garbage-first heap   total 68608K, used 26364K [0x00000000c2800000, 0x0000000100000000)
  region size 1024K, 5 young (5120K), 5 survivors (5120K)
 Metaspace       used 33518K, committed 34112K, reserved 1114112K
  class space    used 4616K, committed 4864K, reserved 1048576K
}
Event: 5.487 GC heap before
{Heap before GC invocations=9 (full 0):
 garbage-first heap   total 68608K, used 43772K [0x00000000c2800000, 0x0000000100000000)
  region size 1024K, 22 young (22528K), 5 survivors (5120K)
 Metaspace       used 35702K, committed 36288K, reserved 1114112K
  class space    used 4920K, committed 5184K, reserved 1048576K
}
Event: 5.491 GC heap after
{Heap after GC invocations=10 (full 0):
 garbage-first heap   total 68608K, used 27819K [0x00000000c2800000, 0x0000000100000000)
  region size 1024K, 2 young (2048K), 2 survivors (2048K)
 Metaspace       used 35702K, committed 36288K, reserved 1114112K
  class space    used 4920K, committed 5184K, reserved 1048576K
}
Event: 6.035 GC heap before
{Heap before GC invocations=11 (full 0):
 garbage-first heap   total 68608K, used 57515K [0x00000000c2800000, 0x0000000100000000)
  region size 1024K, 31 young (31744K), 2 survivors (2048K)
 Metaspace       used 42913K, committed 43584K, reserved 1114112K
  class space    used 6052K, committed 6336K, reserved 1048576K
}
Event: 6.038 GC heap after
{Heap after GC invocations=12 (full 0):
 garbage-first heap   total 68608K, used 29350K [0x00000000c2800000, 0x0000000100000000)
  region size 1024K, 3 young (3072K), 3 survivors (3072K)
 Metaspace       used 42913K, committed 43584K, reserved 1114112K
  class space    used 6052K, committed 6336K, reserved 1048576K
}
Event: 6.799 GC heap before
{Heap before GC invocations=12 (full 0):
 garbage-first heap   total 68608K, used 59046K [0x00000000c2800000, 0x0000000100000000)
  region size 1024K, 32 young (32768K), 3 survivors (3072K)
 Metaspace       used 50034K, committed 50752K, reserved 1114112K
  class space    used 6940K, committed 7232K, reserved 1048576K
}
Event: 6.803 GC heap after
{Heap after GC invocations=13 (full 0):
 garbage-first heap   total 68608K, used 30769K [0x00000000c2800000, 0x0000000100000000)
  region size 1024K, 4 young (4096K), 4 survivors (4096K)
 Metaspace       used 50034K, committed 50752K, reserved 1114112K
  class space    used 6940K, committed 7232K, reserved 1048576K
}
Event: 7.214 GC heap before
{Heap before GC invocations=13 (full 0):
 garbage-first heap   total 68608K, used 59441K [0x00000000c2800000, 0x0000000100000000)
  region size 1024K, 32 young (32768K), 4 survivors (4096K)
 Metaspace       used 56898K, committed 57600K, reserved 1114112K
  class space    used 8103K, committed 8448K, reserved 1048576K
}
Event: 7.218 GC heap after
{Heap after GC invocations=14 (full 0):
 garbage-first heap   total 68608K, used 31908K [0x00000000c2800000, 0x0000000100000000)
  region size 1024K, 3 young (3072K), 3 survivors (3072K)
 Metaspace       used 56898K, committed 57600K, reserved 1114112K
  class space    used 8103K, committed 8448K, reserved 1048576K
}

